Arguments: 
  C:\Program Files\nodejs\node.exe C:\Users\ma\AppData\Roaming\npm\node_modules\yarn\bin\yarn.js

PATH: 
  C:\Python27\;C:\Python27\Scripts;C:\Program Files (x86)\M1 Licensing;C:\Program Files (x86)\Common Files\Oracle\Java\javapath;C:\Program Files (x86)\Intel\iCLS Client\;C:\Program Files\Intel\iCLS Client\;C:\WINDOWS\system32;C:\WINDOWS;C:\WINDOWS\System32\Wbem;C:\WINDOWS\System32\WindowsPowerShell\v1.0\;C:\Program Files (x86)\Intel\Intel(R) Management Engine Components\DAL;C:\Program Files\Intel\Intel(R) Management Engine Components\DAL;C:\Program Files (x86)\Intel\Intel(R) Management Engine Components\IPT;C:\Program Files\Intel\Intel(R) Management Engine Components\IPT;C:\WINDOWS\System32\OpenSSH\X;D:\360极速浏览器下载\node-v10.15.3-win-x64;s\ma\AppData\Local\Programs\Python\Python37;C:\Windows\System32\node_modules\.bin;C:\Program Files\Git\cmd;C:\WINDOWS\System32\OpenSSH\;C:\Users\ma\node_modules;C:\Program Files\Emscripten\node\0.12.2_64bit;D:\BaiduYunDownload\nwjs-sdk-v0.37.4-win-x64\nwjs-sdk-v0.37.4-win-x64\nwjs-sdk-v0.37.4-win-x64;D:\迅雷下载\electron-v4.1.4-win32-x64;C:\Program Files\Microsoft VS Code\bin;C:\ProgramData\chocolatey\bin;C:\Users\ma\AppData\Roaming\npm;C:\Program Files\nodejs\;C:\Users\ma\AppData\Local\Programs\Python\Python37\Scripts\;C:\Users\ma\AppData\Local\Programs\Python\Python37\;C:\Users\ma\AppData\Local\Microsoft\WindowsApps;D:\Downloads\ffmpeg-20181007-0a41a8b-win64-static\bin;C:\Program Files\Emscripten;C:\Users\ma\AppData\Local\GitHubDesktop\bin;C:\Program Files\Emscripten\emscripten\1.35.0

Yarn version: 
  1.15.2

Node version: 
  12.4.0

Platform: 
  win32 x64

Trace: 
  Error: ENOENT: no such file or directory, copyfile 'C:\Users\ma\AppData\Local\Yarn\Cache\v4\npm-ms-2.0.0-5608aeadfc00be6c2901df5f9861788de0d597c8\node_modules\ms\license.md' -> 'D:\Documents\GitHub\electron-local-OPC-Four-story-elevator-monitoring-client\node_modules\electron-osx-sign\node_modules\ms\license.md'

npm manifest: 
  {
    "dependencies": {
      "electron-builder": "^20.43.0"
    }
  }

yarn manifest: 
  No manifest

Lockfile: 
  No lockfile
